Arguments: 
  C:\Program Files\nodejs\node.exe C:\Users\Ronaldo\AppData\Roaming\npm\node_modules\yarn\bin\yarn.js add react-router-dom@4.2.2

PATH: 
  C:\Users\Ronaldo\bin;C:\Program Files\Git\mingw64\bin;C:\Program Files\Git\usr\local\bin;C:\Program Files\Git\usr\bin;C:\Program Files\Git\usr\bin;C:\Program Files\Git\mingw64\bin;C:\Program Files\Git\usr\bin;C:\Users\Ronaldo\bin;C:\Python311\Scripts;C:\Python311;C:\Program Files (x86)\Common Files\Oracle\Java\javapath;C:\WINDOWS\system32;C:\WINDOWS;C:\WINDOWS\System32\Wbem;C:\WINDOWS\System32\WindowsPowerShell\v1.0;C:\Program Files\Git\cmd;C:\WINDOWS\System32\OpenSSH;C:\Program Files\TortoiseGit\bin;C:\Users\Ronaldo\AppData\Roaming\nvm;C:\Program Files\nodejs;C:\ProgramData\chocolatey\bin;C:\Program Files\nodejs;C:\Program Files\MongoDB\Server\7.0\bin;C:\Program Files\MySQL\MySQL Shell 8.0\bin;C:\Users\Ronaldo\.windows-build-tools\python27;node_modules\npm\node_modules\npm-lifecycle\node-gyp-bin;C:\Users\Ronaldo\AppData\Roaming\npm\node_modules\windows-build-tools\node_modules\.bin;C:\Users\Ronaldo\AppData\Roaming\npm\node_modules\.bin;C:\Program Files (x86)\Common Files\Oracle\Java\javapath;C:\WINDOWS\system32;C:\WINDOWS;C:\WINDOWS\System32\Wbem;C:\WINDOWS\System32\WindowsPowerShell\v1.0;C:\Program Files\Git\cmd;C:\WINDOWS\System32\OpenSSH;C:\Users\Ronaldo\AppData\Local\Microsoft\WindowsApps;C:\Users\Ronaldo\AppData\Local\Programs\Microsoft VS Code\bin;C:\Users\Ronaldo\Documents\php-7.4.1-nts-Win32-vc15-x64;C:\Program Files\JetBrains\PhpStorm 2019.3.1\bin;C:\Users\Ronaldo\AppData\Local\Microsoft\WindowsApps;C:\Users\Ronaldo\AppData\Roaming\nvm;C:\Program Files\nodejs;C:\Users\Ronaldo\AppData\Roaming\npm;C:\Program Files\Git\usr\bin\vendor_perl;C:\Program Files\Git\usr\bin\core_perl

Yarn version: 
  1.22.19

Node version: 
  18.16.0

Platform: 
  win32 x64

Trace: 
  Error: EPERM: operation not permitted, unlink 'C:\Users\Ronaldo\Desktop\INFNET\FRONT\JAMSTACK\jamstack_with_gatsby\node_modules\@lmdb\lmdb-win32-x64\node.abi108.node'

npm manifest: 
  {
    "name": "projeto-de-aula",
    "version": "1.0.0",
    "private": true,
    "description": "projeto-de-aula",
    "author": "Ronaldo Teixeira",
    "config": {
      "legacy-peer-deps": true
    },
    "keywords": [
      "gatsby"
    ],
    "scripts": {
      "develop": "gatsby develop",
      "start": "gatsby develop",
      "build": "gatsby build",
      "serve": "gatsby serve",
      "clean": "gatsby clean"
    },
    "dependencies": {
      "@mdx-js/react": "^2.3.0 --force",
      "gatsby": "^5.12.4",
      "gatsby-image": "^3.11.0",
      "gatsby-plugin-mdx": "^5.12.3 --force",
      "gatsby-plugin-sharp": "^5.12.0",
      "gatsby-source-filesystem": "^5.12.1",
      "gatsby-transformer-sharp": "^5.12.3",
      "react": "^18.2.0",
      "react-dom": "^18.2.0 --force",
      "react-router-dom": "^4.2.2"
    }
  }

yarn manifest: 
  No manifest

Lockfile: 
  No lockfile
